<?xml version="1.0" encoding="UTF-8"?>
<testsuite xmlns:xsi="http://www.w3.org/2001/XMLSchema-instance" xsi:noNamespaceSchemaLocation="https://maven.apache.org/surefire/maven-surefire-plugin/xsd/surefire-test-report.xsd" version="3.0.2" name="com.sensormanager.iot.controller.UserControllerTest" time="0.211" tests="13" errors="0" skipped="0" failures="0">
  <properties>
[...]
</properties>
  <testcase name="testCreate_ReturnsCreatedUser" classname="com.sensormanager.iot.controller.UserControllerTest" time="0.046">
    <system-out><![CDATA[16:25:03.923 [main] INFO org.springframework.mock.web.MockServletContext -- Initializing Spring TestDispatcherServlet ''
16:25:03.923 [main] INFO org.springframework.test.web.servlet.TestDispatcherServlet -- Initializing Servlet ''
16:25:03.923 [main] INFO org.springframework.test.web.servlet.TestDispatcherServlet -- Completed initialization in 0 ms
]]></system-out>
  </testcase>
  <testcase name="testUpdate_ReturnsUpdatedUser" classname="com.sensormanager.iot.controller.UserControllerTest" time="0.016">
    <system-out><![CDATA[16:25:03.944 [main] INFO org.springframework.mock.web.MockServletContext -- Initializing Spring TestDispatcherServlet ''
16:25:03.944 [main] INFO org.springframework.test.web.servlet.TestDispatcherServlet -- Initializing Servlet ''
16:25:03.944 [main] INFO org.springframework.test.web.servlet.TestDispatcherServlet -- Completed initialization in 0 ms
]]></system-out>
  </testcase>
  <testcase name="testFindAll_ReturnsUsers" classname="com.sensormanager.iot.controller.UserControllerTest" time="0.025">
    <system-out><![CDATA[16:25:03.963 [main] INFO org.springframework.mock.web.MockServletContext -- Initializing Spring TestDispatcherServlet ''
16:25:03.964 [main] INFO org.springframework.test.web.servlet.TestDispatcherServlet -- Initializing Servlet ''
16:25:03.964 [main] INFO org.springframework.test.web.servlet.TestDispatcherServlet -- Completed initialization in 0 ms
]]></system-out>
  </testcase>
  <testcase name="testUpdate_ReturnsNotFound" classname="com.sensormanager.iot.controller.UserControllerTest" time="0.022">
    <system-out><![CDATA[16:25:03.993 [main] INFO org.springframework.mock.web.MockServletContext -- Initializing Spring TestDispatcherServlet ''
16:25:03.993 [main] INFO org.springframework.test.web.servlet.TestDispatcherServlet -- Initializing Servlet ''
16:25:03.993 [main] INFO org.springframework.test.web.servlet.TestDispatcherServlet -- Completed initialization in 0 ms
]]></system-out>
  </testcase>
  <testcase name="testCreate_ReturnsBadRequest" classname="com.sensormanager.iot.controller.UserControllerTest" time="0.015">
    <system-out><![CDATA[16:25:04.010 [main] INFO org.springframework.mock.web.MockServletContext -- Initializing Spring TestDispatcherServlet ''
16:25:04.011 [main] INFO org.springframework.test.web.servlet.TestDispatcherServlet -- Initializing Servlet ''
16:25:04.011 [main] INFO org.springframework.test.web.servlet.TestDispatcherServlet -- Completed initialization in 0 ms
]]></system-out>
  </testcase>
  <testcase name="testFindAll_ReturnsNoContent" classname="com.sensormanager.iot.controller.UserControllerTest" time="0.009">
    <system-out><![CDATA[16:25:04.025 [main] INFO org.springframework.mock.web.MockServletContext -- Initializing Spring TestDispatcherServlet ''
16:25:04.025 [main] INFO org.springframework.test.web.servlet.TestDispatcherServlet -- Initializing Servlet ''
16:25:04.026 [main] INFO org.springframework.test.web.servlet.TestDispatcherServlet -- Completed initialization in 1 ms
]]></system-out>
  </testcase>
  <testcase name="testCreate_NoAuthenticatedCompany_ReturnsBadRequest" classname="com.sensormanager.iot.controller.UserControllerTest" time="0.013">
    <system-out><![CDATA[16:25:04.035 [main] INFO org.springframework.mock.web.MockServletContext -- Initializing Spring TestDispatcherServlet ''
16:25:04.036 [main] INFO org.springframework.test.web.servlet.TestDispatcherServlet -- Initializing Servlet ''
16:25:04.036 [main] INFO org.springframework.test.web.servlet.TestDispatcherServlet -- Completed initialization in 0 ms
]]></system-out>
  </testcase>
  <testcase name="testDeleteById_ForbiddenAccess" classname="com.sensormanager.iot.controller.UserControllerTest" time="0.01">
    <system-out><![CDATA[16:25:04.047 [main] INFO org.springframework.mock.web.MockServletContext -- Initializing Spring TestDispatcherServlet ''
16:25:04.047 [main] INFO org.springframework.test.web.servlet.TestDispatcherServlet -- Initializing Servlet ''
16:25:04.047 [main] INFO org.springframework.test.web.servlet.TestDispatcherServlet -- Completed initialization in 0 ms
]]></system-out>
  </testcase>
  <testcase name="testFindById_ReturnsUser" classname="com.sensormanager.iot.controller.UserControllerTest" time="0.01">
    <system-out><![CDATA[16:25:04.057 [main] INFO org.springframework.mock.web.MockServletContext -- Initializing Spring TestDispatcherServlet ''
16:25:04.057 [main] INFO org.springframework.test.web.servlet.TestDispatcherServlet -- Initializing Servlet ''
16:25:04.057 [main] INFO org.springframework.test.web.servlet.TestDispatcherServlet -- Completed initialization in 0 ms
]]></system-out>
  </testcase>
  <testcase name="testFindById_ReturnsNotFound" classname="com.sensormanager.iot.controller.UserControllerTest" time="0.009">
    <system-out><![CDATA[16:25:04.067 [main] INFO org.springframework.mock.web.MockServletContext -- Initializing Spring TestDispatcherServlet ''
16:25:04.067 [main] INFO org.springframework.test.web.servlet.TestDispatcherServlet -- Initializing Servlet ''
16:25:04.067 [main] INFO org.springframework.test.web.servlet.TestDispatcherServlet -- Completed initialization in 0 ms
]]></system-out>
  </testcase>
  <testcase name="testDeleteById_ReturnsBadRequest" classname="com.sensormanager.iot.controller.UserControllerTest" time="0.008">
    <system-out><![CDATA[16:25:04.076 [main] INFO org.springframework.mock.web.MockServletContext -- Initializing Spring TestDispatcherServlet ''
16:25:04.076 [main] INFO org.springframework.test.web.servlet.TestDispatcherServlet -- Initializing Servlet ''
16:25:04.076 [main] INFO org.springframework.test.web.servlet.TestDispatcherServlet -- Completed initialization in 0 ms
]]></system-out>
  </testcase>
  <testcase name="testDeleteById_ReturnsDeletedUser" classname="com.sensormanager.iot.controller.UserControllerTest" time="0.01">
    <system-out><![CDATA[16:25:04.086 [main] INFO org.springframework.mock.web.MockServletContext -- Initializing Spring TestDispatcherServlet ''
16:25:04.087 [main] INFO org.springframework.test.web.servlet.TestDispatcherServlet -- Initializing Servlet ''
16:25:04.087 [main] INFO org.springframework.test.web.servlet.TestDispatcherServlet -- Completed initialization in 0 ms
]]></system-out>
  </testcase>
  <testcase name="testFindById_UnauthorizedAccess" classname="com.sensormanager.iot.controller.UserControllerTest" time="0.008">
    <system-out><![CDATA[16:25:04.096 [main] INFO org.springframework.mock.web.MockServletContext -- Initializing Spring TestDispatcherServlet ''
16:25:04.096 [main] INFO org.springframework.test.web.servlet.TestDispatcherServlet -- Initializing Servlet ''
16:25:04.096 [main] INFO org.springframework.test.web.servlet.TestDispatcherServlet -- Completed initialization in 0 ms
]]></system-out>
  </testcase>
</testsuite>