<?xml version="1.0" encoding="UTF-8"?>
<testsuite xmlns:xsi="http://www.w3.org/2001/XMLSchema-instance" xsi:noNamespaceSchemaLocation="https://maven.apache.org/surefire/maven-surefire-plugin/xsd/surefire-test-report.xsd" version="3.0.2" name="com.sensormanager.iot.IotApiApplicationTests" time="7.992" tests="1" errors="0" skipped="0" failures="0">
  <properties>
[...]
</properties>
  <testcase name="contextLoads" classname="com.sensormanager.iot.IotApiApplicationTests" time="0.394">
    <system-out><![CDATA[19:03:59.987 [main] INFO org.springframework.test.context.support.AnnotationConfigContextLoaderUtils -- Could not detect default configuration classes for test class [com.sensormanager.iot.IotApiApplicationTests]: IotApiApplicationTests does not declare any static, non-private, non-final, nested classes annotated with @Configuration.
19:04:00.094 [main] INFO org.springframework.boot.test.context.SpringBootTestContextBootstrapper -- Found @SpringBootConfiguration com.sensormanager.iot.IotApiApplication for test class com.sensormanager.iot.IotApiApplicationTests
19:04:00.297 [main] INFO org.springframework.boot.devtools.restart.RestartApplicationListener -- Restart disabled due to context in which it is running

  .   ____          _            __ _ _
 /\\ / ___'_ __ _ _(_)_ __  __ _ \ \ \ \
( ( )\___ | '_ | '_| | '_ \/ _` | \ \ \ \
 \\/  ___)| |_)| | | | | || (_| |  ) ) ) )
  '  |____| .__|_| |_|_| |_\__, | / / / /
 =========|_|==============|___/=/_/_/_/

 :: Spring Boot ::                (v3.4.3)

2025-04-10T19:04:00.648-04:00  INFO 16644 --- [iot-api] [           main] c.s.iot.IotApiApplicationTests           : Starting IotApiApplicationTests using Java 22.0.1 with PID 16644 (started by Cristian in d:\Cursos\Java\3.- Evaluaciones\Evaluación Final\talentofuturo\capitalhumano-javabackend\iot-api)
2025-04-10T19:04:00.649-04:00  INFO 16644 --- [iot-api] [           main] c.s.iot.IotApiApplicationTests           : No active profile set, falling back to 1 default profile: "default"
2025-04-10T19:04:01.812-04:00  INFO 16644 --- [iot-api] [           main] .s.d.r.c.RepositoryConfigurationDelegate : Bootstrapping Spring Data JPA repositories in DEFAULT mode.
2025-04-10T19:04:01.894-04:00  INFO 16644 --- [iot-api] [           main] .s.d.r.c.RepositoryConfigurationDelegate : Finished Spring Data repository scanning in 71 ms. Found 7 JPA repository interfaces.
2025-04-10T19:04:02.594-04:00  INFO 16644 --- [iot-api] [           main] o.hibernate.jpa.internal.util.LogHelper  : HHH000204: Processing PersistenceUnitInfo [name: default]
2025-04-10T19:04:02.675-04:00  INFO 16644 --- [iot-api] [           main] org.hibernate.Version                    : HHH000412: Hibernate ORM core version 6.6.8.Final
2025-04-10T19:04:02.728-04:00  INFO 16644 --- [iot-api] [           main] o.h.c.internal.RegionFactoryInitiator    : HHH000026: Second-level cache disabled
2025-04-10T19:04:03.109-04:00  INFO 16644 --- [iot-api] [           main] o.s.o.j.p.SpringPersistenceUnitInfo      : No LoadTimeWeaver setup: ignoring JPA class transformer
2025-04-10T19:04:03.132-04:00  INFO 16644 --- [iot-api] [           main] com.zaxxer.hikari.HikariDataSource       : HikariPool-1 - Starting...
2025-04-10T19:04:03.309-04:00  INFO 16644 --- [iot-api] [           main] com.zaxxer.hikari.pool.HikariPool        : HikariPool-1 - Added connection org.postgresql.jdbc.PgConnection@12421766
2025-04-10T19:04:03.310-04:00  INFO 16644 --- [iot-api] [           main] com.zaxxer.hikari.HikariDataSource       : HikariPool-1 - Start completed.
2025-04-10T19:04:03.344-04:00  WARN 16644 --- [iot-api] [           main] org.hibernate.orm.deprecation            : HHH90000025: PostgreSQLDialect does not need to be specified explicitly using 'hibernate.dialect' (remove the property setting and it will be selected by default)
2025-04-10T19:04:03.361-04:00  INFO 16644 --- [iot-api] [           main] org.hibernate.orm.connections.pooling    : HHH10001005: Database info:
	Database JDBC URL [Connecting through datasource 'HikariDataSource (HikariPool-1)']
	Database driver: undefined/unknown
	Database version: 17.4
	Autocommit mode: undefined/unknown
	Isolation level: undefined/unknown
	Minimum pool size: undefined/unknown
	Maximum pool size: undefined/unknown
2025-04-10T19:04:04.316-04:00  INFO 16644 --- [iot-api] [           main] o.h.e.t.j.p.i.JtaPlatformInitiator       : HHH000489: No JTA platform available (set 'hibernate.transaction.jta.platform' to enable JTA platform integration)
2025-04-10T19:04:04.685-04:00  INFO 16644 --- [iot-api] [           main] j.LocalContainerEntityManagerFactoryBean : Initialized JPA EntityManagerFactory for persistence unit 'default'
2025-04-10T19:04:05.676-04:00  WARN 16644 --- [iot-api] [           main] JpaBaseConfiguration$JpaWebConfiguration : spring.jpa.open-in-view is enabled by default. Therefore, database queries may be performed during view rendering. Explicitly configure spring.jpa.open-in-view to disable this warning
2025-04-10T19:04:05.748-04:00  INFO 16644 --- [iot-api] [           main] eAuthenticationProviderManagerConfigurer : Global AuthenticationManager configured with AuthenticationProvider bean with name authenticationProvider
2025-04-10T19:04:05.749-04:00  WARN 16644 --- [iot-api] [           main] r$InitializeUserDetailsManagerConfigurer : Global AuthenticationManager configured with an AuthenticationProvider bean. UserDetailsService beans will not be used by Spring Security for automatically configuring username/password login. Consider removing the AuthenticationProvider bean. Alternatively, consider using the UserDetailsService in a manually instantiated DaoAuthenticationProvider. If the current configuration is intentional, to turn off this warning, increase the logging level of 'org.springframework.security.config.annotation.authentication.configuration.InitializeUserDetailsBeanManagerConfigurer' to ERROR
2025-04-10T19:04:06.946-04:00  INFO 16644 --- [iot-api] [           main] o.a.c.impl.engine.AbstractCamelContext   : Apache Camel 4.2.0 (camel-1) is starting
2025-04-10T19:04:06.950-04:00  INFO 16644 --- [iot-api] [           main] c.s.b.CamelSpringBootApplicationListener : Starting CamelMainRunController to ensure the main thread keeps running
2025-04-10T19:04:06.951-04:00  INFO 16644 --- [iot-api] [inRunController] org.apache.camel.main.MainSupport        : Apache Camel (Main) 4.2.0 is starting
2025-04-10T19:04:07.411-04:00  INFO 16644 --- [iot-api] [           main] o.a.c.impl.engine.AbstractCamelContext   : Routes startup (started:1)
2025-04-10T19:04:07.411-04:00  INFO 16644 --- [iot-api] [           main] o.a.c.impl.engine.AbstractCamelContext   :     Started route1 (activemq://queue:clase06-grupo05-1)
2025-04-10T19:04:07.412-04:00  INFO 16644 --- [iot-api] [           main] o.a.c.impl.engine.AbstractCamelContext   : Apache Camel 4.2.0 (camel-1) started in 466ms (build:0ms init:0ms start:466ms)
2025-04-10T19:04:07.416-04:00  INFO 16644 --- [iot-api] [           main] c.s.iot.IotApiApplicationTests           : Started IotApiApplicationTests in 7.136 seconds (process running for 8.077)
]]></system-out>
    <system-err><![CDATA[Mockito is currently self-attaching to enable the inline-mock-maker. This will no longer work in future releases of the JDK. Please add Mockito as an agent to your build what is described in Mockito's documentation: https://javadoc.io/doc/org.mockito/mockito-core/latest/org/mockito/Mockito.html#0.3
WARNING: A Java agent has been loaded dynamically (C:\Users\Cristian\.m2\repository\net\bytebuddy\byte-buddy-agent\1.15.11\byte-buddy-agent-1.15.11.jar)
WARNING: If a serviceability tool is in use, please run with -XX:+EnableDynamicAgentLoading to hide this warning
WARNING: If a serviceability tool is not in use, please run with -Djdk.instrument.traceUsage for more information
WARNING: Dynamic loading of agents will be disallowed by default in a future release
]]></system-err>
  </testcase>
</testsuite>